1480485184942	geckodriver	INFO	Listening on 127.0.0.1:12185
1480485186870	mozprofile::profile	INFO	Using profile path C:\Users\steve\AppData\Local\Temp\rust_mozprofile.DwZk1hYvv392
1480485186875	geckodriver::marionette	INFO	Starting browser C:\Program Files (x86)\Mozilla Firefox\Firefox.exe
1480485186919	geckodriver::marionette	INFO	Connecting to Marionette on localhost:12191
1480485187959	Marionette	INFO	Listening on port 12191
[Parent 7332] WARNING: pipe error: 109: file c:/builds/moz2_slave/m-rel-w32-00000000000000000000/build/src/ipc/chromium/src/chrome/common/ipc_channel_win.cc, line 346
[Parent 7332] WARNING: pipe error: 109: file c:/builds/moz2_slave/m-rel-w32-00000000000000000000/build/src/ipc/chromium/src/chrome/common/ipc_channel_win.cc, line 346
[Parent 7332] WARNING: pipe error: 109: file c:/builds/moz2_slave/m-rel-w32-00000000000000000000/build/src/ipc/chromium/src/chrome/common/ipc_channel_win.cc, line 346

###!!! [Child][MessageChannel] Error: (msgtype=0x4A011A,name=PContent::Msg_AsyncMessage) Channel closing: too late to send/recv, messages will be lost

JavaScript error: chrome://global/content/process-content.js, line 51: NS_ERROR_UNEXPECTED: Component returned failure code: 0x8000ffff (NS_ERROR_UNEXPECTED) [nsIMessageSender.sendAsyncMessage]

###!!! [Child][MessageChannel] Error: (msgtype=0x4A011A,name=PContent::Msg_AsyncMessage) Channel closing: too late to send/recv, messages will be lost

JavaScript error: chrome://global/content/process-content.js, line 51: NS_ERROR_UNEXPECTED: Component returned failure code: 0x8000ffff (NS_ERROR_UNEXPECTED) [nsIMessageSender.sendAsyncMessage]

###!!! [Child][MessageChannel] Error: (msgtype=0x4A011A,name=PContent::Msg_AsyncMessage) Channel closing: too late to send/recv, messages will be lost

JavaScript error: chrome://global/content/process-content.js, line 51: NS_ERROR_UNEXPECTED: Component returned failure code: 0x8000ffff (NS_ERROR_UNEXPECTED) [nsIMessageSender.sendAsyncMessage]

###!!! [Child][MessageChannel] Error: (msgtype=0x4A011A,name=PContent::Msg_AsyncMessage) Channel closing: too late to send/recv, messages will be lost

JavaScript error: chrome://global/content/process-content.js, line 51: NS_ERROR_UNEXPECTED: Component returned failure code: 0x8000ffff (NS_ERROR_UNEXPECTED) [nsIMessageSender.sendAsyncMessage]

###!!! [Child][MessageChannel] Error: (msgtype=0x4A011A,name=PContent::Msg_AsyncMessage) Channel closing: too late to send/recv, messages will be lost

JavaScript error: chrome://global/content/process-content.js, line 51: NS_ERROR_UNEXPECTED: Component returned failure code: 0x8000ffff (NS_ERROR_UNEXPECTED) [nsIMessageSender.sendAsyncMessage]

###!!! [Child][MessageChannel] Error: (msgtype=0x4A011A,name=PContent::Msg_AsyncMessage) Channel closing: too late to send/recv, messages will be lost

JavaScript error: chrome://global/content/process-content.js, line 51: NS_ERROR_UNEXPECTED: Component returned failure code: 0x8000ffff (NS_ERROR_UNEXPECTED) [nsIMessageSender.sendAsyncMessage]

###!!! [Child][MessageChannel] Error: (msgtype=0x4A011A,name=PContent::Msg_AsyncMessage) Channel closing: too late to send/recv, messages will be lost

JavaScript error: chrome://global/content/process-content.js, line 51: NS_ERROR_UNEXPECTED: Component returned failure code: 0x8000ffff (NS_ERROR_UNEXPECTED) [nsIMessageSender.sendAsyncMessage]

###!!! [Child][MessageChannel] Error: (msgtype=0x4A011A,name=PContent::Msg_AsyncMessage) Channel closing: too late to send/recv, messages will be lost

JavaScript error: chrome://global/content/process-content.js, line 51: NS_ERROR_UNEXPECTED: Component returned failure code: 0x8000ffff (NS_ERROR_UNEXPECTED) [nsIMessageSender.sendAsyncMessage]

###!!! [Child][MessageChannel] Error: (msgtype=0x4A011A,name=PContent::Msg_AsyncMessage) Channel closing: too late to send/recv, messages will be lost

JavaScript error: chrome://global/content/process-content.js, line 51: NS_ERROR_UNEXPECTED: Component returned failure code: 0x8000ffff (NS_ERROR_UNEXPECTED) [nsIMessageSender.sendAsyncMessage]

###!!! [Child][MessageChannel] Error: (msgtype=0x4A011A,name=PContent::Msg_AsyncMessage) Channel closing: too late to send/recv, messages will be lost

JavaScript error: chrome://global/content/process-content.js, line 51: NS_ERROR_UNEXPECTED: Component returned failure code: 0x8000ffff (NS_ERROR_UNEXPECTED) [nsIMessageSender.sendAsyncMessage]

###!!! [Child][MessageChannel] Error: (msgtype=0x4A011A,name=PContent::Msg_AsyncMessage) Channel closing: too late to send/recv, messages will be lost

JavaScript error: chrome://global/content/process-content.js, line 51: NS_ERROR_UNEXPECTED: Component returned failure code: 0x8000ffff (NS_ERROR_UNEXPECTED) [nsIMessageSender.sendAsyncMessage]

###!!! [Child][MessageChannel] Error: (msgtype=0x4A011A,name=PContent::Msg_AsyncMessage) Channel closing: too late to send/recv, messages will be lost

JavaScript error: chrome://global/content/process-content.js, line 51: NS_ERROR_UNEXPECTED: Component returned failure code: 0x8000ffff (NS_ERROR_UNEXPECTED) [nsIMessageSender.sendAsyncMessage]

###!!! [Child][MessageChannel] Error: (msgtype=0x2E0045,name=PBrowser::Msg___delete__) Channel closing: too late to send/recv, messages will be lost


###!!! [Child][OnMaybeDequeueOne] Error: Channel closing: too late to send/recv, messages will be lost


###!!! [Child][MessageChannel] Error: (msgtype=0x4A00C2,name=PContent::Msg_ConsoleMessage) Channel closing: too late to send/recv, messages will be lost

e._getVisibleChildren@resource://gre/modules/commonjs/toolkit/loader.js -> resource://devtools/client/inspector/markup/markup.js:1592:12
MarkupView.prototype._updateChildren@resource://gre/modules/commonjs/toolkit/loader.js -> resource://devtools/client/inspector/markup/markup.js:1522:7
MarkupView.prototype.importNode@resource://gre/modules/commonjs/toolkit/loader.js -> resource://devtools/client/inspector/markup/markup.js:877:5
MarkupView.prototype.showNode@resource://gre/modules/commonjs/toolkit/loader.js -> resource://devtools/client/inspector/markup/markup.js:1009:7
MarkupView.prototype._onNewSelection@resource://gre/modules/commonjs/toolkit/loader.js -> resource://devtools/client/inspector/markup/markup.js:528:14
MarkupView@resource://gre/modules/commonjs/toolkit/loader.js -> resource://devtools/client/inspector/markup/markup.js:142:3
InspectorPanel.prototype._onMarkupFrameLoad@resource://gre/modules/commonjs/toolkit/loader.js -> resource://devtools/client/inspector/inspector-panel.js:991:19

  Stack:
    Front<.destroy@resource://gre/modules/commonjs/toolkit/loader.js -> resource://devtools/server/protocol.js:1125:23
exports.WalkerFront<.destroy@resource://gre/modules/commonjs/toolkit/loader.js -> resource://devtools/server/actors/inspector.js:3298:5
Pool<.destroy@resource://gre/modules/commonjs/toolkit/loader.js -> resource://devtools/server/protocol.js:820:9
Front<.destroy@resource://gre/modules/commonjs/toolkit/loader.js -> resource://devtools/server/protocol.js:1127:5
exports.InspectorFront<.destroy@resource://gre/modules/commonjs/toolkit/loader.js -> resource://devtools/server/actors/inspector.js:3967:5
Toolbox.prototype.destroyInspector/this._destroyingInspector<@resource://gre/modules/commonjs/toolkit/loader.js -> resource://devtools/client/framework/toolbox.js:1964:13
TaskImpl_run@resource://gre/modules/Task.jsm:319:40
Handler.prototype.process@resource://gre/modules/Promise.jsm -> resource://gre/modules/Promise-backend.js:937:23
this.PromiseWalker.walkerLoop@resource://gre/modules/Promise.jsm -> resource://gre/modules/Promise-backend.js:816:7
this.PromiseWalker.scheduleWalkerLoop/<@resource://gre/modules/Promise.jsm -> resource://gre/modules/Promise-backend.js:750:11

console.error: 
  Message: Error: Connection closed, pending request to server1.conn0.domwalker29, type children failed

Request stack:
Front<.request@resource://gre/modules/commonjs/toolkit/loader.js -> resource://devtools/server/protocol.js:1178:7
frontProto/</proto[name]@resource://gre/modules/commonjs/toolkit/loader.js -> resource://devtools/server/protocol.js:1338:14
MarkupView.prototype._getVisibleChildren@resource://gre/modules/commonjs/toolkit/loader.js -> resource://devtools/client/inspector/markup/markup.js:1592:12
MarkupView.prototype._updateChildren@resource://gre/modules/commonjs/toolkit/loader.js -> resource://devtools/client/inspector/markup/markup.js:1522:7
MarkupView.prototype._expandContainer@resource://gre/modules/commonjs/toolkit/loader.js -> resource://devtools/client/inspector/markup/markup.js:1036:12
MarkupView.prototype.expandNode@resource://gre/modules/commonjs/toolkit/loader.js -> resource://devtools/client/inspector/markup/markup.js:1051:5
InspectorPanel.prototype.onNewRoot/onNodeSelected/<@resource://gre/modules/commonjs/toolkit/loader.js -> resource://devtools/client/inspector/inspector-panel.js:416:9
EventEmitter_once/handler@resource://gre/modules/commonjs/toolkit/loader.js -> resource://devtools/shared/event-emitter.js:108:9
EventEmitter_emit@resource://gre/modules/commonjs/toolkit/loader.js -> resource://devtools/shared/event-emitter.js:163:11
InspectorPanel.prototype._onMarkupFrameLoad@resource://gre/modules/commonjs/toolkit/loader.js -> resource://devtools/client/inspector/inspector-panel.js:993:5

  Stack:
    Front<.destroy@resource://gre/modules/commonjs/toolkit/loader.js -> resource://devtools/server/protocol.js:1125:23
exports.WalkerFront<.destroy@resource://gre/modules/commonjs/toolkit/loader.js -> resource://devtools/server/actors/inspector.js:3298:5
Pool<.destroy@resource://gre/modules/commonjs/toolkit/loader.js -> resource://devtools/server/protocol.js:820:9
Front<.destroy@resource://gre/modules/commonjs/toolkit/loader.js -> resource://devtools/server/protocol.js:1127:5
exports.InspectorFront<.destroy@resource://gre/modules/commonjs/toolkit/loader.js -> resource://devtools/server/actors/inspector.js:3967:5
Toolbox.prototype.destroyInspector/this._destroyingInspector<@resource://gre/modules/commonjs/toolkit/loader.js -> resource://devtools/client/framework/toolbox.js:1964:13
TaskImpl_run@resource://gre/modules/Task.jsm:319:40
Handler.prototype.process@resource://gre/modules/Promise.jsm -> resource://gre/modules/Promise-backend.js:937:23
this.PromiseWalker.walkerLoop@resource://gre/modules/Promise.jsm -> resource://gre/modules/Promise-backend.js:816:7
this.PromiseWalker.scheduleWalkerLoop/<@resource://gre/modules/Promise.jsm -> resource://gre/modules/Promise-backend.js:750:11

console.warn: Could not expand the node, the markup-view was destroyed
console.warn: Could not expand the node, the markup-view was destroyed
console.warn: Could not expand the node, the markup-view was destroyed
console.warn: Could not show the node, the markup-view was destroyed while waiting for children
console.warn: Could not mark node as selected, the markup-view was destroyed while showing the node.
console.error: 
  Message: [Exception... "Component returned failure code: 0x80040111 (NS_ERROR_NOT_AVAILABLE) [nsIChannel.contentCharset]"  nsresult: "0x80040111 (NS_ERROR_NOT_AVAILABLE)"  location: "JS frame :: resource://gre/modules/commonjs/toolkit/loader.js -> resource://devtools/shared/DevToolsUtils.js :: mainThreadFetch/onResponse :: line 448"  data: no]
  Stack:
    mainThreadFetch/onResponse@resource://gre/modules/commonjs/toolkit/loader.js -> resource://devtools/shared/DevToolsUtils.js:448:11
NetUtil_asyncFetch/<.onStopRequest@resource://gre/modules/NetUtil.jsm:128:17

mainThreadFetch/onResponse@resource://gre/modules/commonjs/toolkit/loader.js -> resource://devtools/shared/DevToolsUtils.js:448:11
NetUtil_asyncFetch/<.onStopRequest@resource://gre/modules/NetUtil.jsm:128:17
*************************
A coding exception was thrown in a Promise rejection callback.
See https://developer.mozilla.org/Mozilla/JavaScript_code_modules/Promise.jsm/Promise

Full message: TypeError: this.inspector is null
Full stack: PageStyleActor<.conn@resource://gre/modules/commonjs/toolkit/loader.js -> resource://devtools/server/actors/styles.js:181:5
Actor<.writeError@resource://gre/modules/commonjs/toolkit/loader.js -> resource://devtools/server/protocol.js:911:5
Handler.prototype.process@resource://gre/modules/Promise.jsm -> resource://gre/modules/Promise-backend.js:940:21
this.PromiseWalker.walkerLoop@resource://gre/modules/Promise.jsm -> resource://gre/modules/Promise-backend.js:816:7
this.PromiseWalker.scheduleWalkerLoop/<@resource://gre/modules/Promise.jsm -> resource://gre/modules/Promise-backend.js:750:11

*************************
JavaScript error: chrome://global/content/backgroundPageThumbsContent.js, line 59: TypeError: docShell is null
